<?xml version="1.0" encoding="UTF-8"?>
<!-- Generated by org.testng.reporters.JUnitReportReporter -->
<testsuite hostname="Madhan" name="com.accenture.selenium.NewTest04" tests="1" failures="0" timestamp="28 May 2020 05:39:43 GMT" time="73.714" errors="0">
  <testcase name="testMouseHover" time="73.714" classname="com.accenture.selenium.NewTest04"/>
</testsuite> <!-- com.accenture.selenium.NewTest04 -->
