<?xml version="1.0" encoding="UTF-8"?>
<!-- Generated by org.testng.reporters.JUnitReportReporter -->
<testsuite hostname="Madhan" name="com.accenture.selenium.NewTest02" tests="1" failures="0" timestamp="27 May 2020 08:47:39 GMT" time="200.508" errors="0">
  <testcase name="launchURL" time="200.508" classname="com.accenture.selenium.NewTest02"/>
</testsuite> <!-- com.accenture.selenium.NewTest02 -->
