<?xml version="1.0" encoding="UTF-8"?>
<!-- Generated by org.testng.reporters.JUnitReportReporter -->
<testsuite hostname="Madhan" name="com.accenture.selenium.NewTour" tests="1" failures="0" timestamp="27 May 2020 16:38:47 GMT" time="3.521" errors="0">
  <testcase name="launchurlandregistration" time="3.521" classname="com.accenture.selenium.NewTour"/>
</testsuite> <!-- com.accenture.selenium.NewTour -->
