<?xml version="1.0" encoding="UTF-8"?>
<!-- Generated by org.testng.reporters.JUnitReportReporter -->
<testsuite hostname="Madhan" name="com.accenture.selenium.NewTest01" tests="1" failures="0" timestamp="2 Jun 2020 07:40:19 GMT" time="16.356" errors="0">
  <testcase name="launchBrowser" time="16.356" classname="com.accenture.selenium.NewTest01"/>
</testsuite> <!-- com.accenture.selenium.NewTest01 -->
